<htmlform 
	htmlformUuid="80e4f70a-b912-4240-887e-d421a38bdf6e" 
	formUuid="2ad6265e-ad82-4c56-9fa7-00b2fe769e5e" 
	formName="TEST Short DST for export" 
	formDescription="lkm" 
	formVersion="0.1" 
	formEncounterType="ff319885-3f20-4ae5-8663-3ad5678cba41" 
	formPublished="false" 
	formRetired="false"
> <!-- Autogenerated example form  (template from 01-Nov-2010)
	Author: Todd
	Prime copy source: Breast DST
	Start date of programming: 2016 February 02
	 -->
    <macros>

@COMMENTS@=6602a73b-b8d3-40bc-bae8-f00ff3b9cceb
    @TREATMENT_INTENT@=74bf3a55-6e92-4b91-86b0-a19345f22ad2
    @CURATIVE@=3d996ff0-4990-42d4-a7cf-45ead911d7af
    @PALLIATIVE_SYSTEMIC@=0d02a051-9196-4f89-883a-8a443989ed65
    @PALLIATION@=11fbb8e0-e069-4036-9095-56049540ab7c
	@TREATMENT_PLAN_TEXT@=3cda0160-26fe-102b-80cb-0017a47871b2

    @OVERALL_ONCOLOGY_STAGE@=e9cf4aed-34be-4c0a-9004-4294d9bb2d74
    @METASTATIC@=ca3a621e-9d13-483a-8863-b76f61812699
@LOCALLY_ADVANCED@=3ab42fcd-df0f-4d5f-898f-1889ccb23a5b
    @EARLY_STAGE@=b4af5884-4bbb-4406-bd3a-e23db6a29ccc
    @CLUSTERED_ONCOLOGY_STAGE@=40a6d86f-dcd3-4e5e-88e6-bb55db8deef3
    @EARLY@=c37a6c5a-7ef3-43e9-9ac6-215a1cf42c1f
	@NEOADJUVANT_BEFORE@=d19e0cae-750f-48a9-b8f4-d2cce809c3ac
	@PATHOLOGIC_ONCOLOGY_STAGE@=a9ae793a-c688-412f-9caa-413d66108825	
@PATH_TUMOR_TNM@=436e7c72-6f3c-4a39-9a84-bf6b61349c4a	
	@PATH_NODE_TNM@=4befa69d-ae08-4faf-8394-0ed191e22fb8	
	@PATH_METASTASES_OF_TNM@=d282e316-e66e-4309-9c53-6557c32f379a
@TUMOR_TNM@=4f0e66bb-5bd2-4300-af5c-5c5df9b31314
    @NODE_TNM@=f208cc43-c7ee-4b2d-8653-db4874a721ea
    @METASTESES_TNM@=a93327e3-bea1-4b7c-bc7d-ee47aba5c637
@CT_ABDOMEN@=72c0b431-9559-42c1-81cd-f8a7cdba528b
	@CT_PELVIS@=4cde7db1-e1bc-4e04-af7e-038a871c2e69
@CT_HEAD@=3cd498d8-26fe-102b-80cb-0017a47871b2
    @CT_NECK@=07119f9c-6be7-484a-be19-19fa133a9b1a
	@LEUKEMIA_OTHER@=00f3d3aa-45d9-4cbf-be24-22c781aaa4b9
@GERM_CELL_TUMOR_OTHER@=43fe938d-e938-410f-b706-d19a63c5b3c1
@HEAD_AND_NECK_OTHER@=5ed78ffd-9fab-4d3f-8d8f-950c9c3f6069
@OTHER_NON-HODGKIN_LYMPHOMA@=1c1d3792-bd75-492d-9073-5261ea3295c5
	@CANCER_OTHER@=254f6b19-a254-4b62-b6b0-cafe8624d4f3
@DIAGNOSIS_COMMENT@=7760c51b-d7ad-4c0e-a5e0-67a358fd8ae4
    @OVERALL_ONCOLOGY_STAGE@=e9cf4aed-34be-4c0a-9004-4294d9bb2d74
    @OVERALL_CANCER_STAGE_ZERO@=11ad3741-d3fe-48ff-8872-ce42c8764d34
    @OVERALL_CANCER_STAGE_ONE@=39c6497d-fe50-4dcf-86e4-5360e1d32f82
    @OVERALL_CANCER_STAGE_TWO@=c899d4c0-91a1-42f2-b395-114740f237fd
    @OVERALL_CANCER_STAGE_THREE@=1d5896f3-2e0e-4bc2-aa6c-afe1911afa79
    @OVERALL_CANCER_STAGE_FOUR@=d2f21acb-9519-42ca-a72d-2fcb6bb15c5d
    @OVERALL_CANCER_STAGE_FIVE@=afe0e350-6be0-4093-a701-923a446f1924
    @OVERALL_CANCER_STAGE_ONE_A@=0a51df04-8563-4e83-8869-56fd79fe4113
    @OVERALL_CANCER_STAGE_TWO_A@=3b76daa2-202f-48b2-8faa-5898ad96dd9a
    @OVERALL_CANCER_STAGE_THREE_A@=5833e1dc-ed16-4f46-91d4-af33b9a5dd48
    @OVERALL_CANCER_STAGE_FOUR_A@=013bfdb5-8bf0-46aa-b11f-cef89acfd0f2
    @OVERALL_CANCER_STAGE_ONE_B@=9b813fd1-ceb5-4413-b060-8b71863f8b8a
    @OVERALL_CANCER_STAGE_TWO_B@=aad78b07-7061-4ea1-8ee8-5edc79f64606
    @OVERALL_CANCER_STAGE_THREE_B@=cbb88e1b-2d13-4557-8ebd-9c622cd8b0c8
    @OVERALL_CANCER_STAGE_FOUR_B@=6d86391c-10a5-49d6-967b-e619c1c908a3
    @OVERALL_CANCER_STAGE_ONE_B_ONE@=8f133498-607b-49d1-ab3a-9e09f9fa2246
    @OVERALL_CANCER_STAGE_ONE_B_TWO@=5d823631-ebf5-4849-919e-914b639cc060
    @OVERALL_CANCER_STAGE_ONE_A_ONE@=2554cdbb-7942-4751-a102-a04fd791d8b9
    @OVERALL_CANCER_STAGE_ONE_A_TWO@=8ee75f6b-2e44-4cc1-a7d3-14e2819467e7
    @OVERALL_CANCER_STAGE_TWO_A_ONE@=bcf5d7c1-43dc-48f9-8e6c-c1a6d9f5daad
    @OVERALL_CANCER_STAGE_TWO_A_TWO@=03c21a96-64f9-4ade-8373-c004ec91936c
    @OVERALL_CANCER_STAGE_FOUR_C@=0aedabe2-102c-4f5a-91d4-47ad2c4cc977
    @RECURRENT@=05111114-2ddf-458b-bb7e-4b5505612023
    @RELAPSED@=759148a5-ef5f-4aab-bc67-3811967e54b0
    @LOCALLY_ADVANCED@=3ab42fcd-df0f-4d5f-898f-1889ccb23a5b
    @EARLY_STAGE@=b4af5884-4bbb-4406-bd3a-e23db6a29ccc
    @ONE_E@=f9169cbc-4802-4081-b6a6-a5e1595f25be
    @TWO_E@=153aca55-96bc-4278-946d-23b76d7618cb



</macros>


    <style>
        .section {
        border: 1px solid$headerColor;
        padding: 2px;
        text-align: left;
        margin-bottom: 1em;
        }

        .sectionHeader {
        background-color: $headerColor;
        color: $fontOnHeaderColor;
        display: block;
        padding: 2px;
        font-weight: bold;
        }

        table.baseline-aligned td {
        vertical-align: baseline;
        }

        th.tableHeader {
        background-color: #009d8e;
        color: #FFFFFF;
        font-size: 16px;
        text-align: left;
        }

        ul {
        list-style-type: square;
        font-family: Verdana, Arial, Helvetica, sans-serif;
        font-size: 11px;
        }

        tr.spaceUnder>td {
        padding-bottom: 1em;
        }

        td {
        font-size: 15px;
        }

        #container {
        position: relative;
        margin: auto;
        width: 1400px;
        height: auto;
        }

        @media print {
        #container {
        display: none;
        }
        #printArea {
        display: block;
        }
        #userBar {
        display: none;
        }
        #banner {
        display: none;
        }
        #footer {
        display: none;
        }
        #htmlFormEntryBanner {
        display: none;
        }
        .error {
        display: none;
        }
        .lables {
        width: 200px;
        }
        table {
        width: 100%;
        }
        table, td, th {
        border: 1px solid black;
        border-collapse: collapse;
        }
        th {
        text-align: left;
        background-color: #D9D9D9;
        font-size: 10px;
        }
        td {
        font-size: 10px;
        }
        .selectedCancerStagingKeys {
        page-break-before: always;
        border: 0px;
        }
        table.selectedCancerStagingKeys td {
        border: 0px;
        }
        #signature {
        border: none;
        }
        #signature td {
        border: none;
        }
        }

        @media screen {
        table {
        border: 1px solid #DFDFDF;
        width: 100%;
        border-color: #009d8e;
        }
        #container {
        display: block;
        }
        #printArea {
        display: none;
        }
        }
    </style>
    <script type="text/javascript">
	$j(document).ready(function() {
		getField('HCG.value').change(function() {
			var BetaHCG = getValue("HCG.value");
			if( BetaHCG != null &amp;&amp; BetaHCG >= 500 &amp;&amp; BetaHCG &lt; 10000 ) {
				var BHCGmL = calculateBetaHCG(BetaHCG);
					setValue('HCG.value', BHCGmL);
					}
							 
			});
		});
		
		function calculateBetaHCG(BetaHCG) {
		    var BHCG;
		    
		    BHCG = (BetaHCG*1000)
		    
		    return BHCG;
		}
		 
		 </script>



    <div id="container">
        <!-- Generic Disease workup header  -->
        <section>

            <table border="1" cellspacing="0" cellpadding="6" width="100%">
                <tr>
                    <td><b> IMB ID: <lookup class="value"
                                            expression="patientIdentifiers.get(&quot;IMB ID&quot;)" /> <lookup
                            class="value"
                            expression="patientIdentifiers.get(&quot;IMB Primary Care Registration ID&quot;)" /></b>
                    </td>
                    <td>Date: <encounterDate id="encounterDate" default="today" />
                    </td>
                </tr>
                <tr>
                    <td>Nom / Last name: <lookup class="value"
                                                 expression="patient.personName.familyName" />
                    </td>
                    <td>Prénom/ First name: <lookup class="value"
                                                    expression="patient.personName.givenName" />
                    </td>
                </tr>

                <tr>
                    <td><img
                            src="/openmrs/moduleResources/rwandareports/images/pihHands.png"
                            align="left" height="65"></img>
                        <h2>
                            Inshuti Mu Buzima <br /> PIH Rwanda
                        </h2></td>
                    <td><strong> Oncology Program / Programme d'oncologie
                        <br /> Diagnosis – Staging – Treatment Plan
                    </strong> <br /></td>
                </tr>
                <tr>
                    <td>Clinique / Clinic: <encounterLocation
                            id="encounterLocation" default="Butaro Hospital" />
                    </td>
                    <td>Provider:<encounterProvider id="encounterProvider"
                                                    role="Oncology Provider"  />
                    </td>
                </tr>
            </table>
            <br />
        </section>
    </div>


    <h2>DST for all cancer types: short verions (v1.0)</h2>

   
    <section>
        <table class="baseline-aligned">
		<th class="tableHeader" colspan="3">Staging</th>
			<tr>
				<td colspan="3"><obs 
						conceptId="24e5c4c1-ac2b-42f5-a144-aa41e4375cb5"
						answerConceptId="$@CT_HEAD@"
						answerLabel="CT - Head" />
				<obs 
						conceptId="24e5c4c1-ac2b-42f5-a144-aa41e4375cb5"
						answerConceptId="$@CT_NECK@"
						answerLabel="CT - Neck" />
				<obs 
						conceptId="24e5c4c1-ac2b-42f5-a144-aa41e4375cb5"
						answerConceptId="d90c51af-73ca-4f41-a56b-0c32a339638d"
						answerLabel="CT scan of chest" />
			<obs 
						conceptId="24e5c4c1-ac2b-42f5-a144-aa41e4375cb5"
						answerConceptId="$@CT_ABDOMEN@"
						answerLabel="CT - Abdomen" />
				<obs 
						conceptId="24e5c4c1-ac2b-42f5-a144-aa41e4375cb5"
						answerConceptId="$@CT_PELVIS@"
						answerLabel="CT - Pelvis" />
				</td>
			</tr>

			<tr>
				<td colspan="3" width="50%"><obs 
					conceptId="24e5c4c1-ac2b-42f5-a144-aa41e4375cb5"
					answerConceptId="3ccc6186-26fe-102b-80cb-0017a47871b2"
					answerLabel="Chest X-ray"/> 
					<obs  
					conceptId="24e5c4c1-ac2b-42f5-a144-aa41e4375cb5"
					answerConceptId="3cd49748-26fe-102b-80cb-0017a47871b2"
					answerLabel="Abdominal Ultrasound" />
					<obs 
						conceptId="24e5c4c1-ac2b-42f5-a144-aa41e4375cb5"
						answerConceptId="3cee7fb4-26fe-102b-80cb-0017a47871b2"
						answerLabel="Other:" />
						<obs id="OtherImagingStudyTextObs"
						conceptId="042187c5-3b6e-4bc0-8e11-c0091e78aa68"
						/>
					</td>
			
			</tr>
			<tr style="border-bottom:1px solid black">
				<td colspan="100%"><br/></td>
			</tr>
            <tr>
                <td><b>Clinical Stage:</b> T<obs
                        conceptId="$@TUMOR_TNM@" /> N<obs conceptId="$@NODE_TNM@" /> M<obs
                        conceptId="$@METASTESES_TNM@" />
						<br/><obs conceptId="$@OVERALL_ONCOLOGY_STAGE@" labelText="Clinical stage" answerConceptIds="$@OVERALL_CANCER_STAGE_ZERO@,
$@OVERALL_CANCER_STAGE_ONE@,
$@OVERALL_CANCER_STAGE_ONE_A@,
$@OVERALL_CANCER_STAGE_ONE_A_ONE@,
$@OVERALL_CANCER_STAGE_ONE_A_TWO@,
$@OVERALL_CANCER_STAGE_ONE_B@,
$@OVERALL_CANCER_STAGE_ONE_B_ONE@,
$@OVERALL_CANCER_STAGE_ONE_B_TWO@,
$@ONE_E@,
$@OVERALL_CANCER_STAGE_TWO@,
$@OVERALL_CANCER_STAGE_TWO_A@,
$@OVERALL_CANCER_STAGE_TWO_A_ONE@,
$@OVERALL_CANCER_STAGE_TWO_A_TWO@,
$@OVERALL_CANCER_STAGE_TWO_B@,
$@TWO_E@,
$@OVERALL_CANCER_STAGE_THREE@,
$@OVERALL_CANCER_STAGE_THREE_A@,
$@OVERALL_CANCER_STAGE_THREE_B@,
$@OVERALL_CANCER_STAGE_FOUR@,
$@OVERALL_CANCER_STAGE_FOUR_A@,
$@OVERALL_CANCER_STAGE_FOUR_B@,
$@OVERALL_CANCER_STAGE_FIVE@,
$@RECURRENT@,
$@RELAPSED@,
$@LOCALLY_ADVANCED@,
$@EARLY_STAGE@
" 
answerLabels=
"
0,
I,
IA,
IAI,
IAII,
IB,
IB1,
IB2,
IE,
II,
IIA,
IIAI,
IIAII,
IIB,
IIE,
III,
IIIA,
IIIB,
IV,
IVA,
IVB,
V,
RECURRENT,
RELAPSED,
LOCALLY ADVANCED,
EARLY STAGE
"
						/> 


                </td>
            </tr>
			
            <tr>
                <td><b>Pathologic Stage:</b> T<obs
                        conceptId="$@PATH_TUMOR_TNM@" /> N<obs conceptId="$@PATH_NODE_TNM@" /> M<obs
                        conceptId="$@PATH_METASTASES_OF_TNM@" />
						<br/><obs conceptId="$@PATHOLOGIC_ONCOLOGY_STAGE@" labelText="Pathologic stage" answerConceptIds="$@OVERALL_CANCER_STAGE_ZERO@,
$@OVERALL_CANCER_STAGE_ONE@,
$@OVERALL_CANCER_STAGE_ONE_A@,
$@OVERALL_CANCER_STAGE_ONE_A_ONE@,
$@OVERALL_CANCER_STAGE_ONE_A_TWO@,
$@OVERALL_CANCER_STAGE_ONE_B@,
$@OVERALL_CANCER_STAGE_ONE_B_ONE@,
$@OVERALL_CANCER_STAGE_ONE_B_TWO@,
$@ONE_E@,
$@OVERALL_CANCER_STAGE_TWO@,
$@OVERALL_CANCER_STAGE_TWO_A@,
$@OVERALL_CANCER_STAGE_TWO_A_ONE@,
$@OVERALL_CANCER_STAGE_TWO_A_TWO@,
$@OVERALL_CANCER_STAGE_TWO_B@,
$@TWO_E@,
$@OVERALL_CANCER_STAGE_THREE@,
$@OVERALL_CANCER_STAGE_THREE_A@,
$@OVERALL_CANCER_STAGE_THREE_B@,
$@OVERALL_CANCER_STAGE_FOUR@,
$@OVERALL_CANCER_STAGE_FOUR_A@,
$@OVERALL_CANCER_STAGE_FOUR_B@,
$@OVERALL_CANCER_STAGE_FIVE@,
$@RECURRENT@,
$@RELAPSED@,
$@LOCALLY_ADVANCED@,
$@EARLY_STAGE@
" 
answerLabels=
"
0,
I,
IA,
IAI,
IAII,
IB,
IB1,
IB2,
IE,
II,
IIA,
IIAI,
IIAII,
IIB,
IIE,
III,
IIIA,
IIIB,
IV,
IVA,
IVB,
V,
RECURRENT,
RELAPSED,
LOCALLY ADVANCED,
EARLY STAGE
"
						/>
						<br/>Did the patient receive neoadjuvant treatment before the surgery of pathologic staging? <obs conceptId="$@NEOADJUVANT_BEFORE@" style="radio"/>

                </td>
            </tr>
           
<tr>
	<td><obs id="breastStageCSEarly"
		conceptId="$@CLUSTERED_ONCOLOGY_STAGE@"
		answerConceptId="$@EARLY@"
		answerLabel="Early" /><obs id="breastStageCSLocallyAdvanced"
		conceptId="$@CLUSTERED_ONCOLOGY_STAGE@"
		answerConceptId="$@LOCALLY_ADVANCED@"
		answerLabel="Locally advanced" /><obs id="breastStageCSMetastatic"
		conceptId="$@CLUSTERED_ONCOLOGY_STAGE@"
		answerConceptId="$@METASTATIC@"
		answerLabel="Metastatic" />
	</td>
</tr>
<tr style="border-bottom:1px solid black">
				<td colspan="100%"><br/></td>
			</tr>
			<tr>
				<td>

				<obs conceptId="$@OVERALL_ONCOLOGY_STAGE@"
                               answerConceptId="$@UNABLE_TO_DETERMINE@" answerLabel="Unable to Determine" />
				<obs conceptId="$@OVERALL_ONCOLOGY_STAGE@"
                               answerConceptId="$@RECURRENT@" answerLabel="Recurrent" />
				</td>
			</tr>


        </table>
    </section>

    <section>
        <table class="baseline-aligned">
            <th class="tableHeader" colspan="3">Treatment Plan</th>
            <tr>
				<th>Treatment Plan</th>
				<td colspan="2"><obs conceptId="$@TREATMENT_PLAN_TEXT@" rows="4" cols="90" />
			</td></tr>
			<tr>
                <th>Intent:</th>
                <td class="checkboxGroup" colspan="3">
                    <obs conceptId="$@TREATMENT_INTENT@"
                         answerConceptId="$@CURATIVE@"
                         answerLabel="Curative" />
                    <obs conceptId="$@TREATMENT_INTENT@"
                         answerConceptId="$@PALLIATIVE_SYSTEMIC@"
                         answerLabel="Palliative cancer therapy" />
                    <obs conceptId="$@TREATMENT_INTENT@"
                         answerConceptId="$@PALLIATION@" answerLabel="Palliative Care Only" />
                </td>
            </tr>
            <tr>
                <th>Additional Comments:</th>
                <td colspan="3">
                    <obs conceptId="$@COMMENTS@" rows="4" cols="90" />
                </td>
            </tr>


        </table>
    </section>

    <encounterVoided/>

    <submit />
    <br />
    <br />

    

</htmlform>