<htmlform 
	htmlformUuid="b0fc09af-c8e5-4af8-ae9e-6d1aacc2343f" 
	formUuid="ea3a9c69-d5c7-4b86-a1eb-7aa7cb3429ee" 
	formName="Test T" 
	formDescription="Test T" 
	formVersion="1.0" 
	formEncounterType="c1c39e98-2f2d-432b-8cc9-b2f273209c29" 
	formPublished="false" 
	formRetired="false"
>	<!-- Autogenerated example form  (template from 01-Nov-2010 -->	<macros>		paperFormId = (Fill this in)		headerColor =#009d8e		fontOnHeaderColor = white	</macros>	<style>		.section {			border: 1px solid $headerColor;			padding: 2px;			text-align: left;			margin-bottom: 1em;		}		.sectionHeader {			background-color: $headerColor;			color: $fontOnHeaderColor;			display: block;			padding: 2px;			font-weight: bold;		}		table.baseline-aligned td {			vertical-align: baseline;		}	</style>	<span style="float:right">Paper Form ID: $paperFormId</span>	<h2>Test T (v1.0)</h2>	<section headerLabel="1. Encounter Details">		<table class="baseline-aligned">			<tr>				<td>Date:</td>				<td><encounterDate default="today"/></td>			</tr>			<tr>				<td>Location:</td>				<td><encounterLocation/></td>			</tr>			<tr>				<td>Provider:</td>				<td><encounterProvider/></td>			</tr>		</table>	</section>	<section headerLabel="2. Demographic Information">		<table class="baseline-aligned">			<tr>				<td>Name:</td>				<td><lookup class="value" expression="patient.personName"/></td>			</tr>			<tr>				<td>ARCHIVING ID:</td>				<td><lookup class="value" complexExpression="#foreach( $patId in $patientIdentifiers.get('ARCHIVING ID') ) $patId #end "/></td>			</tr>			<tr>				<td>Carte d'Identité:</td>				<td><lookup class="value" complexExpression="#foreach( $patId in $patientIdentifiers.get('Carte d'Identité') ) $patId #end "/></td>			</tr>			<tr>				<td>HIVEMR-V1:</td>				<td><lookup class="value" complexExpression="#foreach( $patId in $patientIdentifiers.get('HIVEMR-V1') ) $patId #end "/></td>			</tr>			<tr>				<td>IMB ID:</td>				<td><lookup class="value" complexExpression="#foreach( $patId in $patientIdentifiers.get('IMB ID') ) $patId #end "/></td>			</tr>			<tr>				<td>IMB Primary Care Registration ID:</td>				<td><lookup class="value" complexExpression="#foreach( $patId in $patientIdentifiers.get('IMB Primary Care Registration ID') ) $patId #end "/></td>			</tr>			<tr>				<td>Incorrect IMB ID:</td>				<td><lookup class="value" complexExpression="#foreach( $patId in $patientIdentifiers.get('Incorrect IMB ID') ) $patId #end "/></td>			</tr>			<tr>				<td>OpenClinic ID:</td>				<td><lookup class="value" complexExpression="#foreach( $patId in $patientIdentifiers.get('OpenClinic ID') ) $patId #end "/></td>			</tr>			<tr>				<td>Rwanda National ID:</td>				<td><lookup class="value" complexExpression="#foreach( $patId in $patientIdentifiers.get('Rwanda National ID') ) $patId #end "/></td>			</tr>			<tr>				<td>Social Security Number:</td>				<td><lookup class="value" complexExpression="#foreach( $patId in $patientIdentifiers.get('Social Security Number') ) $patId #end "/></td>			</tr>			<tr>				<td>TRACnet ID:</td>				<td><lookup class="value" complexExpression="#foreach( $patId in $patientIdentifiers.get('TRACnet ID') ) $patId #end "/></td>			</tr>			<tr>				<td>Gender:</td>				<td><lookup class="value" expression="patient.gender"/></td>			</tr>			<tr>				<td>Birthdate:</td>				<td>					<lookup class="value" complexExpression="#if( \$patient.birthdateEstimated ) ~#end"/> <lookup class="value" expression="patient.birthdate"/>					(Age: <lookup class="value" expression="patient.age"/>)				</td>			</tr>			<tr>				<td>Birthplace:</td>				<td><lookup class="value" expression="personAttributes.get('Birthplace')"/></td>			</tr>			<tr>				<td>Citizenship:</td>				<td><lookup class="value" expression="personAttributes.get('Citizenship')"/></td>			</tr>			<tr>				<td>Civil Status:</td>				<td><lookup class="value" expression="personAttributes.get('Civil Status').name.name"/></td>			</tr>			<tr>				<td>Health Center:</td>				<td><lookup class="value" expression="personAttributes.get('Health Center')"/></td>			</tr>			<tr>				<td>Health District:</td>				<td><lookup class="value" expression="personAttributes.get('Health District')"/></td>			</tr>			<tr>				<td>Mother's Name:</td>				<td><lookup class="value" expression="personAttributes.get('Mothers Name')"/></td>			</tr>			<tr>				<td>Mobile phone:</td>				<td><lookup class="value" expression="personAttributes.get('Mobile phone')"/></td>			</tr>			<tr>				<td>Race:</td>				<td><lookup class="value" expression="personAttributes.get('Race')"/></td>			</tr>			<tr>				<td>Father's name:</td>				<td><lookup class="value" expression="personAttributes.get('Fathers name')"/></td>			</tr>		</table>	</section>	<submit/><!-- END OF FORMSimple examples to copy-and-paste. Full reference at http://wiki.openmrs.org/x/kg8zSECTION	<section headerLabel="\#. Title">		Content	</section>NUMERIC OBSERVATION	<obs conceptId="id-of-numeric-concept" labelText="Label before"/>DATE OBSERVATION	<obs conceptId="id-of-date-concept" labelText="Label before"/>CODED OBSERVATION(as a dropdown)	<obs conceptId="id-of-coded-concept" labelText="Label before"/>(as radio buttons)	<obs conceptId="id-of-coded-concept" labelText="Label before" style="radio"/>(as an autocomplete)	<obs conceptId="id-of-coded-concept" labelText="Label before" style="autocomplete" answerClasses="Diagnosis"/>(as a checkbox for a specific answer)	<obs conceptId="id-of-coded-concept" labelText="Label before" answerConceptId="id-of-answer-concept" answerLabel="label for answer"/>(as a dropdown with specific choices)	<obs conceptId="id-of-coded-concept" labelText="Label before" answerConceptIds="concept-id-1,concept-id-2,concept-id-3" answerLabels="Label 1,Label 2, Label 3"/>FREE TEXT OBSERVATION(as a normal text field)	<obs conceptId="id-of-text-concept" labelText="Label before"/>(as a textarea)	<obs conceptId="id-of-text-concept" labelText="Label before" rows="4" cols="80"/>--></htmlform>